<?xml version="1.0" encoding="UTF-8"?>
<!-- Generated by org.testng.reporters.JUnitReportReporter -->
<testsuite skipped="0" hostname="LAPTOP-J8DDP84R" name="TestRunner" tests="4" failures="0" timestamp="2022-03-09T15:29:04 EST" time="19.258" errors="0">
  <testcase name="runScenario" time="3.458" classname="TestRunner"/>
  <system-out/>
  <testcase name="runScenario" time="3.541" classname="TestRunner"/>
  <system-out/>
  <testcase name="runScenario" time="8.445" classname="TestRunner"/>
  <system-out/>
  <testcase name="runScenario" time="3.814" classname="TestRunner"/>
  <system-out/>
</testsuite> <!-- TestRunner -->
